LIVE RUN


═══ Premier League ═══
  Season: Premier League 25/26
  Arsenal: +2 recovered
  Aston Villa: +3 recovered
  Brentford: +1 recovered
  Brighton & Hove Albion: +2 recovered
  Chelsea: +1 recovered
  Liverpool: +2 recovered
  Manchester United: +1 recovered
  Tottenham Hotspur: +3 recovered
  West Ham United: +2 recovered
  Wolverhampton: +1 recovered

═══ LaLiga ═══
  Season: LaLiga 25/26
  Athletic Club: +1 recovered
  Atlético Madrid: +1 recovered
  Barcelona: +2 recovered
  Espanyol: +1 recovered
  Getafe: +1 recovered
  Girona FC: +1 recovered
  Osasuna: +2 recovered
  Rayo Vallecano: +1 recovered
  Real Betis: +1 recovered
  Valencia: +1 recovered
  Villarreal: +2 recovered

═══ Bundesliga ═══
  Season: Bundesliga 25/26
  1. FC Köln: +3 recovered
  Bayer 04 Leverkusen: +3 recovered
  VfB Stuttgart: +2 recovered

═══ Serie A ═══
  Season: Serie A 25/26
  Atalanta: +1 recovered
  Cagliari: +1 recovered
  Hellas Verona: +2 recovered
  Inter: +1 recovered
  Lazio: +1 recovered
  Milan: +2 recovered
  Napoli: +2 recovered
  Parma: +1 recovered
  Pisa: +1 recovered
  Torino: +1 recovered

═══ Ligue 1 ═══
  Season: Ligue 1 25/26
  AS Monaco: +1 recovered
  Angers: +2 recovered
  Auxerre: +2 recovered
  Le Havre: +1 recovered
  Lorient: +2 recovered
  Metz: +2 recovered
  Nice: +2 recovered
  Olympique de Marseille: +1 recovered
  Paris FC: +2 recovered
  RC Strasbourg: +1 recovered
  Saint-Étienne: +1 recovered
  Stade Rennais: +1 recovered

═══ Eredivisie ═══
  Season: Eredivisie 25/26
  AFC Ajax: +2 recovered
  AZ Alkmaar: +3 recovered
  Almere City FC: +3 recovered
  De Graafschap: +2 recovered
  Excelsior: +1 recovered
  FC Den Bosch: +3 recovered
  FC Groningen: +3 recovered
  FC Twente: +1 recovered
  FC Utrecht: +3 recovered
  FC Volendam: +1 recovered
  Feyenoord: +2 recovered
  Fortuna Sittard: +1 recovered
  Go Ahead Eagles: +1 recovered
  Heracles Almelo: +5 recovered
  PEC Zwolle: +1 recovered
  PSV Eindhoven: +2 recovered
  RKC Waalwijk: +3 recovered
  Roda JC Kerkrade: +2 recovered
  SC Heerenveen: +1 recovered
  SC Telstar: +3 recovered
  Sparta Rotterdam: +2 recovered

═══ Pro League ═══
  Season: Pro League 25/26
  Cercle Brugge: +1 recovered
  FCV Dender: +2 recovered
  KAA Gent: +2 recovered
  KV Mechelen: +2 recovered
  Lommel SK: +1 recovered
  Oud-Heverlee Leuven: +1 recovered
  RAAL La Louvière: +1 recovered
  RC Sporting Charleroi: +2 recovered
  RFC Liège: +1 recovered
  Royal Antwerp FC: +1 recovered
  Royale Union Saint-Gilloise: +4 recovered
  SV Zulte Waregem: +1 recovered
  Sint-Truidense VV: +2 recovered
  Standard Liège: +2 recovered

═══ Liga Portugal ═══
  Season: Liga Portugal 25/26
  AVS - Futebol SAD: +1 recovered
  Benfica: +1 recovered
  CD Nacional: +3 recovered
  FC Arouca: +1 recovered
  FC Porto: +1 recovered
  Famalicão: +1 recovered
  Gil Vicente: +1 recovered
  Rio Ave: +1 recovered
  Santa Clara: +1 recovered
  Sporting: +1 recovered
  Sporting Braga: +2 recovered
  Tondela: +1 recovered
  Torreense: +1 recovered
  Vitória SC: +1 recovered

═══ Brasileirão ═══
  Season: Brasileiro Serie A 2026
  Bahia: +2 recovered
  Cruzeiro: +1 recovered
  Fluminense: +2 recovered
  Grêmio: +1 recovered
  Internacional: +1 recovered
  Palmeiras: +1 recovered
  Remo: +1 recovered
  Santos: +2 recovered

═══ Championship ═══
  Season: Championship 25/26
  Birmingham City: +18 recovered
  Blackburn Rovers: +22 recovered
  Bristol City: +14 recovered
  Charlton Athletic: +19 recovered
  Coventry City: +18 recovered
  Derby County: +17 recovered
  Hull City: +15 recovered
  Ipswich Town: +15 recovered
  Leicester City: +13 recovered
  Middlesbrough: +22 recovered
  Millwall: +12 recovered
  Norwich City: +22 recovered
  Oxford United: +15 recovered
  Portsmouth: +27 recovered
  Preston North End: +18 recovered
  Queens Park Rangers: +24 recovered
  Sheffield United: +11 recovered
  Sheffield Wednesday: +15 recovered
  Southampton: +19 recovered
  Stoke City: +19 recovered
  Swansea City: +19 recovered
  Watford: +11 recovered
  West Bromwich Albion: +14 recovered
  Wrexham: +23 recovered

═══ LaLiga 2 ═══
  Season: LaLiga 2 25/26
  AD Ceuta: +14 recovered
  Albacete Balompié: +19 recovered
  Almería: +17 recovered
  Burgos Club de Fútbol: +11 recovered
  CD Castellón: +15 recovered
  Cultural Leonesa: +14 recovered
  Cádiz: +16 recovered
  Córdoba: +20 recovered
  Deportivo La Coruña: +20 recovered
  Eibar: +15 recovered
  FC Andorra: +14 recovered
  Granada: +8 recovered
  Huesca: +6 recovered
  Las Palmas: +13 recovered
  Leganés: +12 recovered
  Mirandés: +2 recovered
  Málaga: +15 recovered
  Racing de Santander: +15 recovered
  Real Sociedad B: +9 recovered
  Real Valladolid: +14 recovered
  Real Zaragoza: +9 recovered
  Sporting Gijón: +17 recovered

═══ 2. Bundesliga ═══
  Season: 2. Bundesliga 25/26
  1. FC Kaiserslautern: +16 recovered
  1. FC Magdeburg: +7 recovered
  1. FC Nürnberg: +14 recovered
  Arminia Bielefeld: +22 recovered
  Darmstadt 98: +10 recovered
  Eintracht Braunschweig: +14 recovered
  FC Schalke 04: +17 recovered
  Fortuna Düsseldorf: +11 recovered
  Hannover 96: +13 recovered
  Hertha BSC: +12 recovered
  Holstein Kiel: +17 recovered
  Karlsruher SC: +12 recovered
  Preußen Münster: +15 recovered
  Rot-Weiss Essen: +13 recovered
  SC Paderborn 07: +7 recovered
  SG Dynamo Dresden: +15 recovered
  SV 07 Elversberg: +17 recovered
  SpVgg Greuther Fürth: +19 recovered
  VfL Bochum 1848: +12 recovered

═══ Serie B ═══
  Season: Serie B 25/26
  Avellino: +16 recovered
  Bari: +18 recovered
  Carrarese: +16 recovered
  Catanzaro: +19 recovered
  Cesena: +17 recovered
  Empoli: +14 recovered
  Frosinone: +13 recovered
  Juve Stabia: +17 recovered
  Mantova: +20 recovered
  Modena: +18 recovered
  Monza: +13 recovered
  Padova: +16 recovered
  Palermo: +17 recovered
  Pescara: +13 recovered
  Reggiana: +12 recovered
  Sampdoria: +12 recovered
  Spezia: +17 recovered
  Südtirol: +20 recovered
  Venezia: +19 recovered
  Virtus Entella: +18 recovered

═══ Ligue 2 ═══
  Season: Ligue 2 25/26
  Amiens SC: +7 recovered
  Annecy FC: +20 recovered
  Bastia: +11 recovered
  [transient] fetch failed — retry 1/4 in 1500ms
  [transient] fetch failed — retry 2/4 in 3000ms
  [transient] fetch failed — retry 3/4 in 4500ms
  Clermont Foot: +8 recovered
  FC Rouen: +7 recovered
  Grenoble Foot 38: +16 recovered
  Guingamp: +13 recovered
  Le Mans: +19 recovered
  Montpellier: +13 recovered
  Nancy: +10 recovered
  Pau FC: +11 recovered
  Red Star FC: +6 recovered
  Rodez AF: +5 recovered
  Saint-Étienne: +7 recovered
  Stade Lavallois: +16 recovered
  Stade de Reims: +10 recovered
  Troyes: +12 recovered
  US Boulogne Côte-d'Opale: +20 recovered
  USL Dunkerque: +4 recovered

═══ Saudi Pro League ═══
  [transient] fetch failed — retry 1/4 in 1500ms
  [transient] fetch failed — retry 2/4 in 3000ms
  [transient] fetch failed — retry 3/4 in 4500ms
  Season: Saudi Pro League 25/26
  Al-Ahli: +9 recovered
  Al-Ettifaq: +12 recovered
  Al-Fateh: +9 recovered
  Al-Fayha: +8 recovered
  Al-Hazem: +9 recovered
  Al-Hilal: +12 recovered
  Al-Ittihad: +14 recovered
  Al-Khaleej: +12 recovered
  Al-Kholood: +12 recovered
  Al-Najma SC: +7 recovered
  Al-Nassr: +8 recovered
  Al-Okhdood: +3 recovered
  Al-Qadsiah: +12 recovered
  Al-Riyadh: +13 recovered
  Al-Shabab: +8 recovered
  Al-Taawoun: +11 recovered
  Damac FC: +9 recovered
  Neom SC: +10 recovered

═══ MLS ═══
  Season: MLS 2026
  Atlanta United: +15 recovered
  Austin FC: +14 recovered
  CF Montréal: +16 recovered
  Charlotte FC: +15 recovered
  Chicago Fire: +15 recovered
  Colorado Rapids: +20 recovered
  Columbus Crew: +15 recovered
  DC United: +19 recovered
  FC Cincinnati: +20 recovered
  FC Dallas: +17 recovered
  Houston Dynamo: +16 recovered
  Inter Miami CF: +14 recovered
  LA Galaxy: +18 recovered
  Los Angeles FC: +18 recovered
  Minnesota United: +21 recovered
  Nashville SC: +22 recovered
  New England Revolution: +17 recovered
  New York City FC: +13 recovered
  New York Red Bulls: +19 recovered
  Orlando City SC: +14 recovered
  Philadelphia Union: +20 recovered
  Portland Timbers: +16 recovered
  Real Salt Lake: +18 recovered
  San Diego FC: +20 recovered
  San Jose Earthquakes: +18 recovered
  Seattle Sounders FC: +15 recovered
  Sporting Kansas City: +17 recovered
  St.Louis City: +16 recovered
  Toronto FC: +17 recovered
  Vancouver Whitecaps: +18 recovered

═══ Trendyol Süper Lig ═══
  Season: Super Lig 25/26
  Antalyaspor: +1 recovered
  Başakşehir FK: +1 recovered
  Fatih Karagümrük: +1 recovered
  Fenerbahçe: +3 recovered
  Galatasaray: +1 recovered
  Gençlerbirliği: +1 recovered
  Göztepe: +1 recovered
  Kocaelispor: +1 recovered
  Samsunspor: +1 recovered
  Trabzonspor: +1 recovered
  Çaykur Rizespor: +1 recovered

═══ Scottish Premiership ═══
  Season: Premiership 25/26
  Celtic: +1 recovered
  Dunfermline Athletic: +1 recovered
  Falkirk FC: +2 recovered
  Heart of Midlothian: +2 recovered
  Hibernian: +2 recovered
  Motherwell: +1 recovered
  Rangers: +1 recovered
  St. Mirren: +2 recovered

═══ Liga Profesional de Fútbol ═══
  Season: Primera LPF 2026
  Aldosivi: +4 recovered
  Atlético Tucumán: +2 recovered
  Belgrano: +2 recovered
  Boca Juniors: +23 recovered
  CA Independiente: +19 recovered
  Central Córdoba: +25 recovered
  Club Atlético Unión de Santa Fe: +15 recovered
  [transient] fetch failed — retry 1/4 in 1500ms
  Defensa y Justicia: +25 recovered
  Deportivo Riestra: +26 recovered
  Estudiantes de La Plata: +19 recovered
  Estudiantes de Río Cuarto: +21 recovered
  Gimnasia y Esgrima: +23 recovered
  Gimnasia y Esgrima Mendoza: +22 recovered
  Huracán: +20 recovered
  Independiente Rivadavia: +23 recovered
  Instituto De Córdoba: +17 recovered
  Lanús: +22 recovered
  Newell's Old Boys: +17 recovered
  [transient] fetch failed — retry 1/4 in 1500ms
  Platense: +21 recovered
  Racing Club: +24 recovered
  [transient] fetch failed — retry 1/4 in 1500ms
  [transient] fetch failed — retry 2/4 in 3000ms
  [transient] fetch failed — retry 3/4 in 4500ms
  [transient] fetch failed — retry 4/4 in 6000ms
  [transient] fetch failed — retry 1/4 in 1500ms
  [transient] fetch failed — retry 2/4 in 3000ms
  [transient] fetch failed — retry 3/4 in 4500ms
  [transient] fetch failed — retry 4/4 in 6000ms
  [transient] fetch failed — retry 1/4 in 1500ms
  [transient] fetch failed — retry 2/4 in 3000ms
  [transient] fetch failed — retry 3/4 in 4500ms
  [transient] fetch failed — retry 4/4 in 6000ms
  [transient] fetch failed — retry 1/4 in 1500ms
  River Plate: +21 recovered
  Rosario Central: +23 recovered
  San Lorenzo: +24 recovered
  Sarmiento: +22 recovered
  Talleres: +21 recovered
  Tigre: +24 recovered
  Vélez Sarsfield: +18 recovered

── Summary ──
Recovered : 2926
Skipped   : 9566
Errors    : 0
