LIVE RUN

Date range: 2025-08-15 → 2026-05-31
Competition: comp_3498

Fetching matches 2025-08-15 → 2025-08-21
  7 target matches
Fetching matches 2025-08-22 → 2025-08-28
  7 target matches
Fetching matches 2025-08-29 → 2025-09-04
  0 target matches
Fetching matches 2025-09-05 → 2025-09-11
  0 target matches
Fetching matches 2025-09-12 → 2025-09-18
  18 target matches
Fetching matches 2025-09-19 → 2025-09-25
  0 target matches
Fetching matches 2025-09-26 → 2025-10-02
  18 target matches
Fetching matches 2025-10-03 → 2025-10-09
  0 target matches
Fetching matches 2025-10-10 → 2025-10-16
  0 target matches
Fetching matches 2025-10-17 → 2025-10-23
  18 target matches
Fetching matches 2025-10-24 → 2025-10-30
  0 target matches
Fetching matches 2025-10-31 → 2025-11-06
  18 target matches
Fetching matches 2025-11-07 → 2025-11-13
  0 target matches
Fetching matches 2025-11-14 → 2025-11-20
  0 target matches
Fetching matches 2025-11-21 → 2025-11-27
  18 target matches
Fetching matches 2025-11-28 → 2025-12-04
  0 target matches
Fetching matches 2025-12-05 → 2025-12-11
  18 target matches
Fetching matches 2025-12-12 → 2025-12-18
  0 target matches
Fetching matches 2025-12-19 → 2025-12-25
  0 target matches
Fetching matches 2025-12-26 → 2026-01-01
  0 target matches
Fetching matches 2026-01-02 → 2026-01-08
  0 target matches
Fetching matches 2026-01-09 → 2026-01-15
  0 target matches
Fetching matches 2026-01-16 → 2026-01-22
  18 target matches
Fetching matches 2026-01-23 → 2026-01-29
  18 target matches
Fetching matches 2026-01-30 → 2026-02-05
  0 target matches
Fetching matches 2026-02-06 → 2026-02-12
  0 target matches
Fetching matches 2026-02-13 → 2026-02-19
  8 target matches
Fetching matches 2026-02-20 → 2026-02-26
  8 target matches
Fetching matches 2026-02-27 → 2026-03-05
  0 target matches
Fetching matches 2026-03-06 → 2026-03-12
  8 target matches
Fetching matches 2026-03-13 → 2026-03-19
  8 target matches
Fetching matches 2026-03-20 → 2026-03-26
  0 target matches
Fetching matches 2026-03-27 → 2026-04-02
  0 target matches
Fetching matches 2026-04-03 → 2026-04-09
  4 target matches
Fetching matches 2026-04-10 → 2026-04-16
  4 target matches
Fetching matches 2026-04-17 → 2026-04-23
  0 target matches
Fetching matches 2026-04-24 → 2026-04-30
  2 target matches
Fetching matches 2026-05-01 → 2026-05-07
  2 target matches
Fetching matches 2026-05-08 → 2026-05-14
  0 target matches
Fetching matches 2026-05-15 → 2026-05-21
  0 target matches
Fetching matches 2026-05-22 → 2026-05-28
  0 target matches
Fetching matches 2026-05-29 → 2026-05-31
  1 target matches

Unique target matches: 203
xG available matches : 189

Fetching enrichment for mt_838888625
Fetching enrichment for mt_363333257
Fetching enrichment for mt_404444195
Fetching enrichment for mt_010000977
Fetching enrichment for mt_731110254
Fetching enrichment for mt_747777015
Fetching enrichment for mt_626666582
Fetching enrichment for mt_469991584
Fetching enrichment for mt_404444150
Fetching enrichment for mt_585555376
Fetching enrichment for mt_979999409
Fetching enrichment for mt_626666514
Fetching enrichment for mt_252222831
Fetching enrichment for mt_010000988
Fetching enrichment for mt_469610948
Fetching enrichment for mt_375720322
Fetching enrichment for mt_375720481
Fetching enrichment for mt_027298921
Fetching enrichment for mt_980847661
Fetching enrichment for mt_892964790
Fetching enrichment for mt_516137552
Fetching enrichment for mt_375720268
Fetching enrichment for mt_375720256
Fetching enrichment for mt_154573638
Fetching enrichment for mt_027291779
Fetching enrichment for mt_892964878
Fetching enrichment for mt_375720377
Fetching enrichment for mt_027298532
Fetching enrichment for mt_892964735
Fetching enrichment for mt_375720184
Fetching enrichment for mt_731304139
Fetching enrichment for mt_027291785
Fetching enrichment for mt_469610980
Fetching enrichment for mt_203085357
Fetching enrichment for mt_980846338
Fetching enrichment for mt_731302613
Fetching enrichment for mt_648451506
Fetching enrichment for mt_154573737
Fetching enrichment for mt_980846232
Fetching enrichment for mt_980847097
Fetching enrichment for mt_980847019
Fetching enrichment for mt_469610591
Fetching enrichment for mt_027291791
Fetching enrichment for mt_516137547
Fetching enrichment for mt_516137585
Fetching enrichment for mt_469615218
Fetching enrichment for mt_516137434
Fetching enrichment for mt_203089703
Fetching enrichment for mt_516138783
Fetching enrichment for mt_375720406
Fetching enrichment for mt_375726518
Fetching enrichment for mt_648451659
Fetching enrichment for mt_027298541
Fetching enrichment for mt_892964749
Fetching enrichment for mt_648451935
Fetching enrichment for mt_980846286
Fetching enrichment for mt_203089792
Fetching enrichment for mt_648452853
Fetching enrichment for mt_203085308
Fetching enrichment for mt_203085990
Fetching enrichment for mt_648452865
Fetching enrichment for mt_731304167
Fetching enrichment for mt_516138673
Fetching enrichment for mt_203089115
Fetching enrichment for mt_892964723
Fetching enrichment for mt_027298959
Fetching enrichment for mt_648452148
Fetching enrichment for mt_980846469
Fetching enrichment for mt_892963288
Fetching enrichment for mt_648451660
Fetching enrichment for mt_980846973
Fetching enrichment for mt_469615260
Fetching enrichment for mt_648451022
Fetching enrichment for mt_980846480
Fetching enrichment for mt_027298399
Fetching enrichment for mt_648452180
Fetching enrichment for mt_731304195
Fetching enrichment for mt_375720344
Fetching enrichment for mt_027298031
Fetching enrichment for mt_731302735
Fetching enrichment for mt_375720424
Fetching enrichment for mt_648451099
Fetching enrichment for mt_648451524
Fetching enrichment for mt_648451581
Fetching enrichment for mt_154579490
Fetching enrichment for mt_516138664
Fetching enrichment for mt_469615428
Fetching enrichment for mt_469615417
Fetching enrichment for mt_027298594
Fetching enrichment for mt_469615276
Fetching enrichment for mt_375720450
Fetching enrichment for mt_892964630
Fetching enrichment for mt_892964629
Fetching enrichment for mt_027291889
Fetching enrichment for mt_892963442
Fetching enrichment for mt_980847074
Fetching enrichment for mt_469610992
Fetching enrichment for mt_980846920
Fetching enrichment for mt_469615470
Fetching enrichment for mt_516137317
Fetching enrichment for mt_154573685
Fetching enrichment for mt_154573691
Fetching enrichment for mt_375726521
Fetching enrichment for mt_027298003
Fetching enrichment for mt_892963299
Fetching enrichment for mt_375720412
Fetching enrichment for mt_648451044
Fetching enrichment for mt_375720467
Fetching enrichment for mt_375720235
Fetching enrichment for mt_203089716
Fetching enrichment for mt_469615878
Fetching enrichment for mt_203085361
Fetching enrichment for mt_027298553
Fetching enrichment for mt_203085329
Fetching enrichment for mt_892963200
Fetching enrichment for mt_980847062
Fetching enrichment for mt_892964895
Fetching enrichment for mt_648451011
Fetching enrichment for mt_203089891
Fetching enrichment for mt_203089780
Fetching enrichment for mt_980846270
Fetching enrichment for mt_469610504
Fetching enrichment for mt_375726534
Fetching enrichment for mt_980847001
Fetching enrichment for mt_203089258
Fetching enrichment for mt_469615287
Fetching enrichment for mt_731302629
Fetching enrichment for mt_516137418
Fetching enrichment for mt_516137487
Fetching enrichment for mt_469610916
Fetching enrichment for mt_154579407
Fetching enrichment for mt_516138774
Fetching enrichment for mt_648451605
Fetching enrichment for mt_027298092
Fetching enrichment for mt_648451642
Fetching enrichment for mt_516137992
Fetching enrichment for mt_980846241
Fetching enrichment for mt_892964058
Fetching enrichment for mt_203089262
Fetching enrichment for mt_027291815
Fetching enrichment for mt_375726053
Fetching enrichment for mt_154579414
Fetching enrichment for mt_648452894
Fetching enrichment for mt_154579456
Fetching enrichment for mt_731304143
Fetching enrichment for mt_203085396
Fetching enrichment for mt_469615441
Fetching enrichment for mt_648451055
Fetching enrichment for mt_648451033
Fetching enrichment for mt_375720478
Fetching enrichment for mt_469615205
Fetching enrichment for mt_154573840
Fetching enrichment for mt_469615122
Fetching enrichment for mt_469615166
Fetching enrichment for mt_731302040
Fetching enrichment for mt_516137386
Fetching enrichment for mt_731302019
Fetching enrichment for mt_731302564
Fetching enrichment for mt_021791833
Fetching enrichment for mt_893263458
Fetching enrichment for mt_460910578
Fetching enrichment for mt_159479363
Fetching enrichment for mt_205385969
Fetching enrichment for mt_987047628
Fetching enrichment for mt_734104251
Fetching enrichment for mt_642852135
Fetching enrichment for mt_159479310
Fetching enrichment for mt_987047641
Fetching enrichment for mt_734104202
Fetching enrichment for mt_021791800
Fetching enrichment for mt_642852212
Fetching enrichment for mt_021791855
Fetching enrichment for mt_893263474
Fetching enrichment for mt_734104419
Fetching enrichment for mt_205086968
Fetching enrichment for mt_460617579
Fetching enrichment for mt_734309233
Fetching enrichment for mt_518132797
Fetching enrichment for mt_205086982
Fetching enrichment for mt_642453154
Fetching enrichment for mt_376728017
Fetching enrichment for mt_205086971
Fetching enrichment for mt_205086923
Fetching enrichment for mt_159570381
Fetching enrichment for mt_734309266
Fetching enrichment for mt_893965476
Fetching enrichment for mt_987841696
Fetching enrichment for mt_376728041
Fetching enrichment for mt_460617526
Fetching enrichment for mt_642453103
Fetching enrichment for mt_460618516
Fetching enrichment for mt_518134737
Fetching enrichment for mt_642459153
Fetching enrichment for mt_021293891
Fetching enrichment for mt_205087263
Fetching enrichment for mt_893960466
Fetching enrichment for mt_734305206
Fetching enrichment for mt_376721021
Fetching enrichment for mt_518134528
Fetching enrichment for mt_987842916
Fetching enrichment for mt_021293042
Fetching enrichment for mt_460618477
Fetching enrichment for mt_642459639

Aggregated players: 1303
Aggregated teams  : 36
player-stats OK   : 203
shotmap OK        : 189
Match errors      : 0
Updating player 1/1303: Florentino Luís
Updating player 25/1303: Franjo Ivanović
Updating player 50/1303: Pantelis Hatzidiakos
Updating player 75/1303: Oscar Gadeberg Buur
Updating player 100/1303: Isak Dybvik Määttä
Updating player 125/1303: Magnus Riisnæs
Updating player 150/1303: Aleksandr Zarutskiy
Updating player 175/1303: Aleksandr Shirobokov
Updating player 200/1303: Hans Vanaken
Updating player 225/1303: Cisse Sandra
Updating player 250/1303: Milson
Updating player 275/1303: Bence Ötvös
Updating player 300/1303: Musa Qurbanlı
Updating player 325/1303: Tomás Araújo
Updating player 350/1303: Anthony Elanga
  update error Joe Willock: TypeError: fetch failed
Updating player 375/1303: Alex Murphy
Updating player 400/1303: Alisson Santos
Updating player 425/1303: Eren Elmalı
Updating player 450/1303: Metehan Baltacı
Updating player 475/1303: Giovanni Di Lorenzo
Updating player 500/1303: Eliesse Ben Seghir
Updating player 525/1303: Eric Dier
Updating player 550/1303: Hakan Çalhanoğlu
Updating player 575/1303: Yann Bisseck
Updating player 600/1303: Daniel Maldini
Updating player 625/1303: Nicola Zalewski
Updating player 650/1303: Nicolás González
Updating player 675/1303: Robert Sánchez
  update error Serge Gnabry: TypeError: fetch failed
Updating player 700/1303: Leon Goretzka
Updating player 725/1303: Youssoupha Mbodji
Updating player 750/1303: Lorenzo Pirola
Updating player 775/1303: Pape Matar Sarr
Updating player 800/1303: Jun'ai Byfield
Updating player 825/1303: Bremer
Updating player 850/1303: Juan Cabal
Updating player 875/1303: Rodrygo
Updating player 900/1303: Dani Ceballos
Updating player 925/1303: Piero Hincapié
Updating player 950/1303: Armando Obispo
Updating player 975/1303: Rob Schoofs
Updating player 1000/1303: Ben White
  update error Ibon Sánchez: TypeError: fetch failed
Updating player 1025/1303: Victor Osimhen
Updating player 1050/1303: Ademola Lookman
Updating player 1075/1303: Joshua Wynder
Updating player 1100/1303: Axl De Corte
Updating player 1125/1303: Matteo Cocchi
Updating player 1150/1303: Gabriel Jesus
Updating player 1175/1303: Danila Buch
Updating player 1200/1303: Romelu Lukaku
Updating player 1225/1303: Marek Naskos
Updating player 1250/1303: Kieran Morrison
Updating player 1275/1303: Niccolò Rizzo
Updating player 1300/1303: Erblin Osmani

── Summary ──────────────────
Enriched players : 727
No Supabase match: 573
Update errors    : 3
Team aggregates  : 36 not written yet
Dry run          : no
