LIVE RUN

Date range: 2025-08-15 → 2026-05-31
Competition: comp_45025

Fetching matches 2025-08-15 → 2025-08-21
  0 target matches
Fetching matches 2025-08-22 → 2025-08-28
  3 target matches
Fetching matches 2025-08-29 → 2025-09-04
  6 target matches
Fetching matches 2025-09-05 → 2025-09-11
  0 target matches
Fetching matches 2025-09-12 → 2025-09-18
  12 target matches
Fetching matches 2025-09-19 → 2025-09-25
  9 target matches
Fetching matches 2025-09-26 → 2025-10-02
  6 target matches
Fetching matches 2025-10-03 → 2025-10-09
  0 target matches
Fetching matches 2025-10-10 → 2025-10-16
  0 target matches
Fetching matches 2025-10-17 → 2025-10-23
  12 target matches
Fetching matches 2025-10-24 → 2025-10-30
  9 target matches
Fetching matches 2025-10-31 → 2025-11-06
  9 target matches
Fetching matches 2025-11-07 → 2025-11-13
  6 target matches
Fetching matches 2025-11-14 → 2025-11-20
  0 target matches
Fetching matches 2025-11-21 → 2025-11-27
  9 target matches
Fetching matches 2025-11-28 → 2025-12-04
  0 target matches
Fetching matches 2025-12-05 → 2025-12-11
  0 target matches
Fetching matches 2025-12-12 → 2025-12-18
  0 target matches
Fetching matches 2025-12-19 → 2025-12-25
  3 target matches
Fetching matches 2025-12-26 → 2026-01-01
  15 target matches
Fetching matches 2026-01-02 → 2026-01-08
  12 target matches
Fetching matches 2026-01-09 → 2026-01-15
  15 target matches
Fetching matches 2026-01-16 → 2026-01-22
  18 target matches
Fetching matches 2026-01-23 → 2026-01-29
  15 target matches
Fetching matches 2026-01-30 → 2026-02-05
  15 target matches
Fetching matches 2026-02-06 → 2026-02-12
  9 target matches
Fetching matches 2026-02-13 → 2026-02-19
  9 target matches
Fetching matches 2026-02-20 → 2026-02-26
  17 target matches
Fetching matches 2026-02-27 → 2026-03-05
  8 target matches
Fetching matches 2026-03-06 → 2026-03-12
  11 target matches
Fetching matches 2026-03-13 → 2026-03-19
  6 target matches
Fetching matches 2026-03-20 → 2026-03-26
  0 target matches
Fetching matches 2026-03-27 → 2026-04-02
  0 target matches
Fetching matches 2026-04-03 → 2026-04-09
  14 target matches
Fetching matches 2026-04-10 → 2026-04-16
  6 target matches
Fetching matches 2026-04-17 → 2026-04-23
  2 target matches
Fetching matches 2026-04-24 → 2026-04-30
  11 target matches
Fetching matches 2026-05-01 → 2026-05-07
  12 target matches
Fetching matches 2026-05-08 → 2026-05-14
  12 target matches
Fetching matches 2026-05-15 → 2026-05-21
  15 target matches
Fetching matches 2026-05-22 → 2026-05-28
  0 target matches
Fetching matches 2026-05-29 → 2026-05-31
  0 target matches

Unique target matches: 306
xG available matches : 301

Fetching enrichment for mt_731234531
Fetching enrichment for mt_892493038
Fetching enrichment for mt_375076164
Fetching enrichment for mt_648142940
Fetching enrichment for mt_469560861
Fetching enrichment for mt_027821323
Fetching enrichment for mt_516718412
Fetching enrichment for mt_980687288
Fetching enrichment for mt_154359653
Fetching enrichment for mt_731234554
Fetching enrichment for mt_892493004
Fetching enrichment for mt_375076115
Fetching enrichment for mt_648142936
Fetching enrichment for mt_469560872
Fetching enrichment for mt_027821349
Fetching enrichment for mt_731234592
Fetching enrichment for mt_980687211
Fetching enrichment for mt_154359609
Fetching enrichment for mt_516718424
Fetching enrichment for mt_892493052
Fetching enrichment for mt_375076173
Fetching enrichment for mt_027821731
Fetching enrichment for mt_731234190
Fetching enrichment for mt_375076588
Fetching enrichment for mt_469560884
Fetching enrichment for mt_027821335
Fetching enrichment for mt_516718443
Fetching enrichment for mt_980687222
Fetching enrichment for mt_203905776
Fetching enrichment for mt_154359665
Fetching enrichment for mt_203905787
Fetching enrichment for mt_648142958
Fetching enrichment for mt_731234503
Fetching enrichment for mt_892493063
Fetching enrichment for mt_375076120
Fetching enrichment for mt_154359670
Fetching enrichment for mt_516718495
Fetching enrichment for mt_980687233
Fetching enrichment for mt_203905718
Fetching enrichment for mt_154359686
Fetching enrichment for mt_731234569
Fetching enrichment for mt_892493079
Fetching enrichment for mt_375076146
Fetching enrichment for mt_648142901
Fetching enrichment for mt_027821390
Fetching enrichment for mt_516718439
Fetching enrichment for mt_980687244
Fetching enrichment for mt_469560829
Fetching enrichment for mt_731629171
Fetching enrichment for mt_892745278
Fetching enrichment for mt_516972652
Fetching enrichment for mt_154359617
Fetching enrichment for mt_731234575
Fetching enrichment for mt_892493085
Fetching enrichment for mt_648142962
Fetching enrichment for mt_469560845
Fetching enrichment for mt_027821307
Fetching enrichment for mt_648013280
Fetching enrichment for mt_892745488
Fetching enrichment for mt_731629212
Fetching enrichment for mt_027085597
Fetching enrichment for mt_375408544
Fetching enrichment for mt_154830413
Fetching enrichment for mt_375408533
Fetching enrichment for mt_980361098
Fetching enrichment for mt_648013805
Fetching enrichment for mt_154830349
Fetching enrichment for mt_203196930
Fetching enrichment for mt_648013860
Fetching enrichment for mt_892745422
Fetching enrichment for mt_203196325
Fetching enrichment for mt_469257941
Fetching enrichment for mt_027584189
Fetching enrichment for mt_203196590
Fetching enrichment for mt_980361761
Fetching enrichment for mt_892745342
Fetching enrichment for mt_375408653
Fetching enrichment for mt_516972874
Fetching enrichment for mt_469257091
Fetching enrichment for mt_154830939
Fetching enrichment for mt_731629422
Fetching enrichment for mt_154830906
Fetching enrichment for mt_375408686
Fetching enrichment for mt_469257004
Fetching enrichment for mt_375402252
Fetching enrichment for mt_516973368
Fetching enrichment for mt_892746627
Fetching enrichment for mt_027589972
Fetching enrichment for mt_203198833
Fetching enrichment for mt_980364406
Fetching enrichment for mt_154837734
Fetching enrichment for mt_469251197
Fetching enrichment for mt_648015589
Fetching enrichment for mt_375408670
Fetching enrichment for mt_203196507
Fetching enrichment for mt_731629433
Fetching enrichment for mt_648013248
Fetching enrichment for mt_154830950
Fetching enrichment for mt_980361772
Fetching enrichment for mt_731629499
Fetching enrichment for mt_469257079
Fetching enrichment for mt_648013231
Fetching enrichment for mt_980361784
Fetching enrichment for mt_892745393
Fetching enrichment for mt_375402204
Fetching enrichment for mt_516973371
Fetching enrichment for mt_648015515
Fetching enrichment for mt_027589984
Fetching enrichment for mt_731620017
Fetching enrichment for mt_203198899
Fetching enrichment for mt_980364467
Fetching enrichment for mt_892745305
Fetching enrichment for mt_516972825
Fetching enrichment for mt_516972836
Fetching enrichment for mt_731629455
Fetching enrichment for mt_648013292
Fetching enrichment for mt_980361729
Fetching enrichment for mt_469257085
Fetching enrichment for mt_027584137
Fetching enrichment for mt_154830967
Fetching enrichment for mt_892745359
Fetching enrichment for mt_469251158
Fetching enrichment for mt_203196568
Fetching enrichment for mt_027584120
Fetching enrichment for mt_980361713
Fetching enrichment for mt_516972819
Fetching enrichment for mt_516973382
Fetching enrichment for mt_731620041
Fetching enrichment for mt_469251101
Fetching enrichment for mt_648015520
Fetching enrichment for mt_154837793
Fetching enrichment for mt_980364478
Fetching enrichment for mt_203198855
Fetching enrichment for mt_892746648
Fetching enrichment for mt_027589913
Fetching enrichment for mt_154830978
Fetching enrichment for mt_731629400
Fetching enrichment for mt_203196571
Fetching enrichment for mt_375408628
Fetching enrichment for mt_469257010
Fetching enrichment for mt_375408617
Fetching enrichment for mt_027584198
Fetching enrichment for mt_648013254
Fetching enrichment for mt_892745360
Fetching enrichment for mt_980364412
Fetching enrichment for mt_154837705
Fetching enrichment for mt_203198866
Fetching enrichment for mt_731620094
Fetching enrichment for mt_648015546
Fetching enrichment for mt_375402285
Fetching enrichment for mt_980364481
Fetching enrichment for mt_203198800
Fetching enrichment for mt_892746692
Fetching enrichment for mt_516973314
Fetching enrichment for mt_375402263
Fetching enrichment for mt_027589929
Fetching enrichment for mt_469251162
Fetching enrichment for mt_154837759
Fetching enrichment for mt_731620032
Fetching enrichment for mt_731620009
Fetching enrichment for mt_027589930
Fetching enrichment for mt_648015551
Fetching enrichment for mt_986471974
Fetching enrichment for mt_203198877
Fetching enrichment for mt_516973349
Fetching enrichment for mt_731620053
Fetching enrichment for mt_469251174
Fetching enrichment for mt_892746603
Fetching enrichment for mt_154837760
Fetching enrichment for mt_375402210
Fetching enrichment for mt_980364424
Fetching enrichment for mt_027589945
Fetching enrichment for mt_892746654
Fetching enrichment for mt_648015598
Fetching enrichment for mt_375402247
Fetching enrichment for mt_648015502
Fetching enrichment for mt_516973356
Fetching enrichment for mt_203198888
Fetching enrichment for mt_154837776
Fetching enrichment for mt_375402226
Fetching enrichment for mt_892746669
Fetching enrichment for mt_469251119
Fetching enrichment for mt_980364443
Fetching enrichment for mt_469251140
Fetching enrichment for mt_980364439
Fetching enrichment for mt_203198811
Fetching enrichment for mt_516973335
Fetching enrichment for mt_731620065
Fetching enrichment for mt_892746675
Fetching enrichment for mt_027589957
Fetching enrichment for mt_469251125
Fetching enrichment for mt_154837787
Fetching enrichment for mt_648015083
Fetching enrichment for mt_980364300
Fetching enrichment for mt_370124331
Fetching enrichment for mt_732506760
Fetching enrichment for mt_894067886
Fetching enrichment for mt_641950604
Fetching enrichment for mt_465812420
Fetching enrichment for mt_641950663
Fetching enrichment for mt_028395001
Fetching enrichment for mt_517439557
Fetching enrichment for mt_986243990
Fetching enrichment for mt_731620070
Fetching enrichment for mt_375402238
Fetching enrichment for mt_027589908
Fetching enrichment for mt_154837718
Fetching enrichment for mt_892746680
Fetching enrichment for mt_648015564
Fetching enrichment for mt_154830368
Fetching enrichment for mt_154837841
Fetching enrichment for mt_375402451
Fetching enrichment for mt_469251296
Fetching enrichment for mt_203198822
Fetching enrichment for mt_892746726
Fetching enrichment for mt_027589571
Fetching enrichment for mt_516973967
Fetching enrichment for mt_375402402
Fetching enrichment for mt_516973978
Fetching enrichment for mt_203198193
Fetching enrichment for mt_892745400
Fetching enrichment for mt_375408018
Fetching enrichment for mt_648013194
Fetching enrichment for mt_516972746
Fetching enrichment for mt_731620616
Fetching enrichment for mt_203196972
Fetching enrichment for mt_469257580
Fetching enrichment for mt_027584838
Fetching enrichment for mt_648015019
Fetching enrichment for mt_980364366
Fetching enrichment for mt_027584891
Fetching enrichment for mt_469251257
Fetching enrichment for mt_027589582
Fetching enrichment for mt_731629250
Fetching enrichment for mt_648015025
Fetching enrichment for mt_516973912
Fetching enrichment for mt_203198160
Fetching enrichment for mt_892746752
Fetching enrichment for mt_375402473
Fetching enrichment for mt_027589514
Fetching enrichment for mt_731620627
Fetching enrichment for mt_516973981
Fetching enrichment for mt_154837894
Fetching enrichment for mt_375402464
Fetching enrichment for mt_892746747
Fetching enrichment for mt_469251208
Fetching enrichment for mt_203198159
Fetching enrichment for mt_980364377
Fetching enrichment for mt_516973924
Fetching enrichment for mt_516972737
Fetching enrichment for mt_980364388
Fetching enrichment for mt_154837853
Fetching enrichment for mt_027589523
Fetching enrichment for mt_203198105
Fetching enrichment for mt_648013153
Fetching enrichment for mt_154837809
Fetching enrichment for mt_375408021
Fetching enrichment for mt_469257516
Fetching enrichment for mt_516972798
Fetching enrichment for mt_154830371
Fetching enrichment for mt_203196929
Fetching enrichment for mt_980361636
Fetching enrichment for mt_980361640
Fetching enrichment for mt_375408042
Fetching enrichment for mt_980364311
Fetching enrichment for mt_731620692
Fetching enrichment for mt_648015040
Fetching enrichment for mt_375402415
Fetching enrichment for mt_155399157
Fetching enrichment for mt_899439309
Fetching enrichment for mt_892745477
Fetching enrichment for mt_731629206
Fetching enrichment for mt_027584852
Fetching enrichment for mt_648013109
Fetching enrichment for mt_892745466
Fetching enrichment for mt_203196913
Fetching enrichment for mt_154830314
Fetching enrichment for mt_731629267
Fetching enrichment for mt_469257527
Fetching enrichment for mt_469251272
Fetching enrichment for mt_154830943
Fetching enrichment for mt_027584173
Fetching enrichment for mt_203196535
Fetching enrichment for mt_469257548
Fetching enrichment for mt_731629411
Fetching enrichment for mt_980361708
Fetching enrichment for mt_516972751
Fetching enrichment for mt_648013165
Fetching enrichment for mt_980361697
Fetching enrichment for mt_375408034
Fetching enrichment for mt_027584804
Fetching enrichment for mt_375402420
Fetching enrichment for mt_648015058
Fetching enrichment for mt_469251284
Fetching enrichment for mt_027589535
Fetching enrichment for mt_516973943
Fetching enrichment for mt_203198176
Fetching enrichment for mt_154837865
Fetching enrichment for mt_892746763
Fetching enrichment for mt_980364322
Fetching enrichment for mt_200955201
Fetching enrichment for mt_516972862
Fetching enrichment for mt_648015036
Fetching enrichment for mt_027589549
Fetching enrichment for mt_892746704
Fetching enrichment for mt_731620654

Aggregated players: 617
Aggregated teams  : 18
player-stats OK   : 306
shotmap OK        : 301
Match errors      : 0
Updating player 1/617: Ivan Toney
Updating player 25/617: Wenderson Galeno
Updating player 50/617: Francisco Calvo
Updating player 75/617: Abdulbaset Hindi
Updating player 100/617: Kewin
Updating player 125/617: Saad Al-Mousa
Updating player 150/617: Abdulaziz Al Hatila
  update error Fahad Al Abdulrazzaq: TypeError: fetch failed
Updating player 175/617: Romell Quioto
Updating player 200/617: Marwane Saadane
Updating player 225/617: Othman Al-Othman
Updating player 250/617: João Félix
Updating player 275/617: Meshari Fahad Al-Nemer
Updating player 300/617: Giorgos Masouras
Updating player 325/617: Moteb Al-Harbi
Updating player 350/617: Khaled Ali Al Asbahi
Updating player 375/617: Riyadh Sharahili
Updating player 400/617: Fernando Pacheco
Updating player 425/617: Jan-Carlo Simić
Updating player 450/617: Adi
Updating player 475/617: Abdullah Jaman
Updating player 500/617: Sabri Abdu Dahal
Updating player 525/617: Essam Bahri
Updating player 550/617: Youssouf Oumarou
Updating player 575/617: Youssef En-Nesyri
Updating player 600/617: Amidou Traore

── Summary ──────────────────
Enriched players : 205
No Supabase match: 411
Update errors    : 1
Team aggregates  : 18 not written yet
Dry run          : no
