LIVE RUN

Date range: 2025-08-15 → 2026-05-31
Competition: comp_6694

Fetching matches 2025-08-15 → 2025-08-21
  0 target matches
Fetching matches 2025-08-22 → 2025-08-28
  21 target matches
Fetching matches 2025-08-29 → 2025-09-04
  21 target matches
Fetching matches 2025-09-05 → 2025-09-11
  9 target matches
Fetching matches 2025-09-12 → 2025-09-18
  9 target matches
Fetching matches 2025-09-19 → 2025-09-25
  0 target matches
Fetching matches 2025-09-26 → 2025-10-02
  0 target matches
Fetching matches 2025-10-03 → 2025-10-09
  9 target matches
Fetching matches 2025-10-10 → 2025-10-16
  9 target matches
Fetching matches 2025-10-17 → 2025-10-23
  0 target matches
Fetching matches 2025-10-24 → 2025-10-30
  0 target matches
Fetching matches 2025-10-31 → 2025-11-06
  0 target matches
Fetching matches 2025-11-07 → 2025-11-13
  9 target matches
Fetching matches 2025-11-14 → 2025-11-20
  9 target matches
Fetching matches 2025-11-21 → 2025-11-27
  0 target matches
Fetching matches 2025-11-28 → 2025-12-04
  0 target matches
Fetching matches 2025-12-05 → 2025-12-11
  9 target matches
Fetching matches 2025-12-12 → 2025-12-18
  9 target matches
Fetching matches 2025-12-19 → 2025-12-25
  0 target matches
Fetching matches 2025-12-26 → 2026-01-01
  0 target matches
Fetching matches 2026-01-02 → 2026-01-08
  0 target matches
Fetching matches 2026-01-09 → 2026-01-15
  0 target matches
Fetching matches 2026-01-16 → 2026-01-22
  0 target matches
Fetching matches 2026-01-23 → 2026-01-29
  0 target matches
Fetching matches 2026-01-30 → 2026-02-05
  0 target matches
Fetching matches 2026-02-06 → 2026-02-12
  4 target matches
Fetching matches 2026-02-13 → 2026-02-19
  4 target matches
Fetching matches 2026-02-20 → 2026-02-26
  0 target matches
Fetching matches 2026-02-27 → 2026-03-05
  0 target matches
Fetching matches 2026-03-06 → 2026-03-12
  0 target matches
Fetching matches 2026-03-13 → 2026-03-19
  0 target matches
Fetching matches 2026-03-20 → 2026-03-26
  4 target matches
Fetching matches 2026-03-27 → 2026-04-02
  4 target matches
Fetching matches 2026-04-03 → 2026-04-09
  0 target matches
Fetching matches 2026-04-10 → 2026-04-16
  0 target matches
Fetching matches 2026-04-17 → 2026-04-23
  0 target matches
Fetching matches 2026-04-24 → 2026-04-30
  2 target matches
Fetching matches 2026-05-01 → 2026-05-07
  2 target matches
Fetching matches 2026-05-08 → 2026-05-14
  0 target matches
Fetching matches 2026-05-15 → 2026-05-21
  0 target matches
Fetching matches 2026-05-22 → 2026-05-28
  1 target matches
Fetching matches 2026-05-29 → 2026-05-31
  0 target matches

Unique target matches: 135
xG available matches : 75

Fetching enrichment for mt_838529380
Fetching enrichment for mt_747913465
Fetching enrichment for mt_191045987
Fetching enrichment for mt_191045918
Fetching enrichment for mt_404796040
Fetching enrichment for mt_585261856
Fetching enrichment for mt_252630511
Fetching enrichment for mt_626609588
Fetching enrichment for mt_010472108
Fetching enrichment for mt_363857638
Fetching enrichment for mt_979108739
Fetching enrichment for mt_747913470
Fetching enrichment for mt_838529375
Fetching enrichment for mt_404428844
Fetching enrichment for mt_838870623
Fetching enrichment for mt_363341250
Fetching enrichment for mt_747765013
Fetching enrichment for mt_626384264
Fetching enrichment for mt_747767725
Fetching enrichment for mt_626384202
Fetching enrichment for mt_191186740
Fetching enrichment for mt_731351952
Fetching enrichment for mt_516146244
Fetching enrichment for mt_980820121
Fetching enrichment for mt_203073588
Fetching enrichment for mt_469689019
Fetching enrichment for mt_731351409
Fetching enrichment for mt_375715626
Fetching enrichment for mt_203073670
Fetching enrichment for mt_203073653
Fetching enrichment for mt_027237439
Fetching enrichment for mt_027237157
Fetching enrichment for mt_154564976
Fetching enrichment for mt_648498251
Fetching enrichment for mt_892902502
Fetching enrichment for mt_027237412
Fetching enrichment for mt_375716775
Fetching enrichment for mt_516146835
Fetching enrichment for mt_027231219
Fetching enrichment for mt_154564069
Fetching enrichment for mt_469689025
Fetching enrichment for mt_892902369
Fetching enrichment for mt_154044416
Fetching enrichment for mt_980100093
Fetching enrichment for mt_375855536
Fetching enrichment for mt_203633328
Fetching enrichment for mt_731911179
Fetching enrichment for mt_892522289
Fetching enrichment for mt_648388861
Fetching enrichment for mt_469799949
Fetching enrichment for mt_516266655
Fetching enrichment for mt_648383543
Fetching enrichment for mt_203639182
Fetching enrichment for mt_469799595
Fetching enrichment for mt_648388182
Fetching enrichment for mt_154043878
Fetching enrichment for mt_731911215
Fetching enrichment for mt_892522425
Fetching enrichment for mt_027477877
Fetching enrichment for mt_375855057
Fetching enrichment for mt_980414270
Fetching enrichment for mt_980412700
Fetching enrichment for mt_154700916
Fetching enrichment for mt_892656025
  shotmap: fetch failed
Fetching enrichment for mt_892653676
Fetching enrichment for mt_027949311
Fetching enrichment for mt_731090979
Fetching enrichment for mt_731099479
Fetching enrichment for mt_516323255
Fetching enrichment for mt_516323487
Fetching enrichment for mt_203868792
Fetching enrichment for mt_375282157
Fetching enrichment for mt_154707016
Fetching enrichment for mt_469171850
Fetching enrichment for mt_980412788
Fetching enrichment for mt_516324867
Fetching enrichment for mt_731090515
  player-stats: HTTP 404 — /matches/mt_731090515/player-stats — Player statistics not found for this match
Fetching enrichment for mt_027943171
Fetching enrichment for mt_027949388
Fetching enrichment for mt_469171895
Fetching enrichment for mt_375282836
Fetching enrichment for mt_203868731
Fetching enrichment for mt_469178061
Fetching enrichment for mt_027943123
Fetching enrichment for mt_516324812
Fetching enrichment for mt_980417236
Fetching enrichment for mt_516323476
Fetching enrichment for mt_154707647
Fetching enrichment for mt_731095403
Fetching enrichment for mt_516324843
Fetching enrichment for mt_980414209
Fetching enrichment for mt_731090520
Fetching enrichment for mt_980412722
Fetching enrichment for mt_203867576
Fetching enrichment for mt_154707638
Fetching enrichment for mt_648535914
Fetching enrichment for mt_027949377
Fetching enrichment for mt_203868628
Fetching enrichment for mt_469178084
Fetching enrichment for mt_375282108
Fetching enrichment for mt_027943135
Fetching enrichment for mt_892656040
Fetching enrichment for mt_648535361
Fetching enrichment for mt_516328498
Fetching enrichment for mt_648539258
Fetching enrichment for mt_375282161
Fetching enrichment for mt_648535982
Fetching enrichment for mt_980414193
Fetching enrichment for mt_892656589
Fetching enrichment for mt_375281646
Fetching enrichment for mt_648539201
Fetching enrichment for mt_469178029
Fetching enrichment for mt_892650363
Fetching enrichment for mt_375281620
Fetching enrichment for mt_153795167
Fetching enrichment for mt_209850271
Fetching enrichment for mt_732043755
Fetching enrichment for mt_986478929
Fetching enrichment for mt_894635492
Fetching enrichment for mt_028912098
  player-stats: HTTP 404 — /matches/mt_028912098/player-stats — Player statistics not found for this match
Fetching enrichment for mt_370268063
Fetching enrichment for mt_517381536
Fetching enrichment for mt_987606089
Fetching enrichment for mt_376050588
Fetching enrichment for mt_734212190
Fetching enrichment for mt_021878748
Fetching enrichment for mt_021702035
Fetching enrichment for mt_734215163
Fetching enrichment for mt_159346480
Fetching enrichment for mt_159343408
Fetching enrichment for mt_518651968
Fetching enrichment for mt_987098306
Fetching enrichment for mt_893289727
Fetching enrichment for mt_734173617
Fetching enrichment for mt_021702572

Aggregated players: 1379
Aggregated teams  : 18
player-stats OK   : 133
shotmap OK        : 74
Match errors      : 3
Updating player 1/1379: Esther Júlía Gustavsdóttir
Updating player 25/1379: Irina Soba
Updating player 50/1379: Pernille Skrydstrup Pedersen
Updating player 75/1379: Kathleen McGovern
Updating player 100/1379: Andrea Gavrić
Updating player 125/1379: Linde Veefkind
Updating player 150/1379: Anna Schorn
Updating player 175/1379: Sally Nylén
Updating player 200/1379: Lidiia Zaborovets
Updating player 225/1379: Nikee Van Dijk
Updating player 250/1379: Tijana Đorđević
Updating player 275/1379: Aliaksandra Taraduda
Updating player 300/1379: Špela Kolbl
Updating player 325/1379: Iveta Neveďalová
Updating player 350/1379: Jenna Topra
Updating player 375/1379: Karina Sævik
Updating player 400/1379: Laura Colstrup
Updating player 425/1379: Eitvydė Partikaitė
Updating player 450/1379: Leonora Zheleva
Updating player 475/1379: Brenna Lovera
Updating player 500/1379: Marija Milinković
Updating player 525/1379: Luana Muñoz
Updating player 550/1379: Laura Frey
Updating player 575/1379: Manuela Giugliano
Updating player 600/1379: Sunna Rún Sigurðardóttir
Updating player 625/1379: Hazel Donegan
Updating player 650/1379: Emilia Larsson
Updating player 675/1379: Gabriela Sobotkova
Updating player 700/1379: Medine Erkan
Updating player 725/1379: Myrthe Moorrees
Updating player 750/1379: Hinata Miyazawa
Updating player 775/1379: Tetiana Levytska
Updating player 800/1379: Patrycja Michalczyk
Updating player 825/1379: Vanessa Chikupira
Updating player 850/1379: Anđela Frajtović
Updating player 875/1379: Coraline Corplet
Updating player 900/1379: Ekaterina Miklashevich
Updating player 925/1379: Ashley Barron
Updating player 950/1379: Fanni Nagy
Updating player 975/1379: Clara Matéo
