LIVE RUN

Date range: 2025-08-15 → 2026-05-31
Competition: comp_4643

Fetching matches 2025-08-15 → 2025-08-21
  0 target matches
Fetching matches 2025-08-22 → 2025-08-28
  9 target matches
Fetching matches 2025-08-29 → 2025-09-04
  9 target matches
Fetching matches 2025-09-05 → 2025-09-11
  0 target matches
Fetching matches 2025-09-12 → 2025-09-18
  9 target matches
Fetching matches 2025-09-19 → 2025-09-25
  9 target matches
Fetching matches 2025-09-26 → 2025-10-02
  9 target matches
Fetching matches 2025-10-03 → 2025-10-09
  9 target matches
Fetching matches 2025-10-10 → 2025-10-16
  0 target matches
Fetching matches 2025-10-17 → 2025-10-23
  9 target matches
Fetching matches 2025-10-24 → 2025-10-30
  9 target matches
Fetching matches 2025-10-31 → 2025-11-06
  9 target matches
Fetching matches 2025-11-07 → 2025-11-13
  9 target matches
Fetching matches 2025-11-14 → 2025-11-20
  0 target matches
Fetching matches 2025-11-21 → 2025-11-27
  9 target matches
Fetching matches 2025-11-28 → 2025-12-04
  9 target matches
Fetching matches 2025-12-05 → 2025-12-11
  9 target matches
Fetching matches 2025-12-12 → 2025-12-18
  9 target matches
Fetching matches 2025-12-19 → 2025-12-25
  9 target matches
Fetching matches 2025-12-26 → 2026-01-01
  0 target matches
Fetching matches 2026-01-02 → 2026-01-08
  0 target matches
Fetching matches 2026-01-09 → 2026-01-15
  15 target matches
Fetching matches 2026-01-16 → 2026-01-22
  9 target matches
Fetching matches 2026-01-23 → 2026-01-29
  11 target matches
Fetching matches 2026-01-30 → 2026-02-05
  9 target matches
Fetching matches 2026-02-06 → 2026-02-12
  9 target matches
Fetching matches 2026-02-13 → 2026-02-19
  9 target matches
Fetching matches 2026-02-20 → 2026-02-26
  9 target matches
Fetching matches 2026-02-27 → 2026-03-05
  10 target matches
Fetching matches 2026-03-06 → 2026-03-12
  9 target matches
Fetching matches 2026-03-13 → 2026-03-19
  9 target matches
Fetching matches 2026-03-20 → 2026-03-26
  9 target matches
Fetching matches 2026-03-27 → 2026-04-02
  0 target matches
Fetching matches 2026-04-03 → 2026-04-09
  9 target matches
Fetching matches 2026-04-10 → 2026-04-16
  9 target matches
Fetching matches 2026-04-17 → 2026-04-23
  9 target matches
Fetching matches 2026-04-24 → 2026-04-30
  9 target matches
Fetching matches 2026-05-01 → 2026-05-07
  9 target matches
Fetching matches 2026-05-08 → 2026-05-14
  9 target matches
Fetching matches 2026-05-15 → 2026-05-21
  10 target matches
Fetching matches 2026-05-22 → 2026-05-28
  1 target matches
Fetching matches 2026-05-29 → 2026-05-31
  0 target matches

Unique target matches: 308
xG available matches : 308

Fetching enrichment for mt_363806856
Fetching enrichment for mt_191039046
Fetching enrichment for mt_838543529
Fetching enrichment for mt_979167103
Fetching enrichment for mt_252695638
Fetching enrichment for mt_747924919
Fetching enrichment for mt_626312381
Fetching enrichment for mt_010473323
Fetching enrichment for mt_363857663
Fetching enrichment for mt_585273495
Fetching enrichment for mt_626315901
Fetching enrichment for mt_363802146
Fetching enrichment for mt_404751845
Fetching enrichment for mt_252698718
Fetching enrichment for mt_404751829
Fetching enrichment for mt_010489390
Fetching enrichment for mt_585273439
Fetching enrichment for mt_010489307
Fetching enrichment for mt_191037617
Fetching enrichment for mt_585273366
Fetching enrichment for mt_252637832
Fetching enrichment for mt_979164299
Fetching enrichment for mt_252698721
Fetching enrichment for mt_747920575
Fetching enrichment for mt_838546085
Fetching enrichment for mt_363802137
Fetching enrichment for mt_626315962
Fetching enrichment for mt_404751190
Fetching enrichment for mt_010489978
Fetching enrichment for mt_363802258
Fetching enrichment for mt_252698832
Fetching enrichment for mt_626315513
Fetching enrichment for mt_585273377
Fetching enrichment for mt_191037748
Fetching enrichment for mt_626315584
Fetching enrichment for mt_747920010
Fetching enrichment for mt_252698853
Fetching enrichment for mt_747920026
Fetching enrichment for mt_363802201
Fetching enrichment for mt_979164460
Fetching enrichment for mt_585273388
Fetching enrichment for mt_979164476
Fetching enrichment for mt_404751156
Fetching enrichment for mt_010489981
Fetching enrichment for mt_838546620
Fetching enrichment for mt_191037754
Fetching enrichment for mt_838546637
Fetching enrichment for mt_404751107
Fetching enrichment for mt_191037731
Fetching enrichment for mt_363802262
Fetching enrichment for mt_626315529
Fetching enrichment for mt_010489912
Fetching enrichment for mt_838546646
Fetching enrichment for mt_585273311
Fetching enrichment for mt_626315545
Fetching enrichment for mt_252698809
Fetching enrichment for mt_747920047
Fetching enrichment for mt_747920091
Fetching enrichment for mt_838546698
Fetching enrichment for mt_404751168
Fetching enrichment for mt_010489924
Fetching enrichment for mt_979164487
Fetching enrichment for mt_363802274
Fetching enrichment for mt_585273322
Fetching enrichment for mt_252698865
Fetching enrichment for mt_979164418
Fetching enrichment for mt_404751171
Fetching enrichment for mt_747920052
Fetching enrichment for mt_363802283
Fetching enrichment for mt_626315530
Fetching enrichment for mt_191037703
Fetching enrichment for mt_010489943
Fetching enrichment for mt_252698870
Fetching enrichment for mt_747920004
Fetching enrichment for mt_838546602
Fetching enrichment for mt_626315596
Fetching enrichment for mt_404751182
Fetching enrichment for mt_010489939
Fetching enrichment for mt_979164421
Fetching enrichment for mt_191037769
Fetching enrichment for mt_585273344
Fetching enrichment for mt_191037775
Fetching enrichment for mt_252698886
Fetching enrichment for mt_979164442
Fetching enrichment for mt_010489995
Fetching enrichment for mt_626315508
Fetching enrichment for mt_404751114
Fetching enrichment for mt_585273333
Fetching enrichment for mt_363802225
Fetching enrichment for mt_838546664
Fetching enrichment for mt_010489950
Fetching enrichment for mt_252698817
Fetching enrichment for mt_404751149
Fetching enrichment for mt_585273399
Fetching enrichment for mt_979164434
Fetching enrichment for mt_191037780
Fetching enrichment for mt_838546673
Fetching enrichment for mt_363802240
Fetching enrichment for mt_747920063
Fetching enrichment for mt_191037716
Fetching enrichment for mt_363802236
Fetching enrichment for mt_979164493
Fetching enrichment for mt_838546689
Fetching enrichment for mt_010489577
Fetching enrichment for mt_585273355
Fetching enrichment for mt_747920079
Fetching enrichment for mt_626315561
Fetching enrichment for mt_626315082
Fetching enrichment for mt_252698828
Fetching enrichment for mt_979164309
Fetching enrichment for mt_363802457
Fetching enrichment for mt_585273976
Fetching enrichment for mt_252698131
Fetching enrichment for mt_191037847
Fetching enrichment for mt_747920615
Fetching enrichment for mt_838546725
Fetching enrichment for mt_404751295
Fetching enrichment for mt_363806112
Fetching enrichment for mt_010489588
Fetching enrichment for mt_363802408
Fetching enrichment for mt_404751250
Fetching enrichment for mt_626315014
Fetching enrichment for mt_404750821
Fetching enrichment for mt_626312955
Fetching enrichment for mt_747924557
Fetching enrichment for mt_838543007
Fetching enrichment for mt_191039683
Fetching enrichment for mt_747924572
Fetching enrichment for mt_585278431
Fetching enrichment for mt_979167291
Fetching enrichment for mt_191039619
Fetching enrichment for mt_252695715
Fetching enrichment for mt_979167247
Fetching enrichment for mt_191039674
Fetching enrichment for mt_585278454
Fetching enrichment for mt_404750842
Fetching enrichment for mt_363806255
Fetching enrichment for mt_626312966
Fetching enrichment for mt_747924561
Fetching enrichment for mt_010481309
Fetching enrichment for mt_626312900
Fetching enrichment for mt_010481353
Fetching enrichment for mt_252695720
Fetching enrichment for mt_404750818
Fetching enrichment for mt_838543082
Fetching enrichment for mt_363806124
Fetching enrichment for mt_363806143
Fetching enrichment for mt_979167238
Fetching enrichment for mt_838543068
Fetching enrichment for mt_252695789
Fetching enrichment for mt_979167402
Fetching enrichment for mt_252695836
Fetching enrichment for mt_191039745
Fetching enrichment for mt_363806200
Fetching enrichment for mt_626312518
Fetching enrichment for mt_404750194
Fetching enrichment for mt_585278363
Fetching enrichment for mt_838543624
Fetching enrichment for mt_010481975
Fetching enrichment for mt_732729455
Fetching enrichment for mt_465457085
Fetching enrichment for mt_252695897
Fetching enrichment for mt_585278379
Fetching enrichment for mt_010481980
Fetching enrichment for mt_626312521
Fetching enrichment for mt_979167464
Fetching enrichment for mt_191039730
Fetching enrichment for mt_747924023
Fetching enrichment for mt_838543643
Fetching enrichment for mt_404750109
Fetching enrichment for mt_363806266
Fetching enrichment for mt_979167473
Fetching enrichment for mt_252695858
Fetching enrichment for mt_363806277
Fetching enrichment for mt_404750165
Fetching enrichment for mt_010481927
Fetching enrichment for mt_191039796
Fetching enrichment for mt_747924049
Fetching enrichment for mt_626312542
Fetching enrichment for mt_838543639
Fetching enrichment for mt_404750170
Fetching enrichment for mt_747924035
Fetching enrichment for mt_585278326
Fetching enrichment for mt_252695801
Fetching enrichment for mt_191039757
Fetching enrichment for mt_838543695
Fetching enrichment for mt_585278385
Fetching enrichment for mt_979167489
Fetching enrichment for mt_191039708
Fetching enrichment for mt_252695862
Fetching enrichment for mt_747924090
Fetching enrichment for mt_010481931
Fetching enrichment for mt_585278347
Fetching enrichment for mt_838543650
Fetching enrichment for mt_363806288
Fetching enrichment for mt_626312534
Fetching enrichment for mt_979167420
Fetching enrichment for mt_979167446
Fetching enrichment for mt_252695883
Fetching enrichment for mt_363806211
Fetching enrichment for mt_838543606
Fetching enrichment for mt_585278338
Fetching enrichment for mt_191039761
Fetching enrichment for mt_747924056
Fetching enrichment for mt_404750186
Fetching enrichment for mt_626312593
Fetching enrichment for mt_465470929
Fetching enrichment for mt_747924007
Fetching enrichment for mt_010481992
Fetching enrichment for mt_010481954
Fetching enrichment for mt_404750117
Fetching enrichment for mt_252695819
Fetching enrichment for mt_191039784
Fetching enrichment for mt_363806222
Fetching enrichment for mt_626312559
Fetching enrichment for mt_979167437
Fetching enrichment for mt_979164370
Fetching enrichment for mt_252698192
Fetching enrichment for mt_404751206
Fetching enrichment for mt_626315023
Fetching enrichment for mt_191037838
Fetching enrichment for mt_747920620
Fetching enrichment for mt_838546740
Fetching enrichment for mt_585278391
Fetching enrichment for mt_838543667
Fetching enrichment for mt_404751267
Fetching enrichment for mt_838546736
Fetching enrichment for mt_747920646
Fetching enrichment for mt_979164386
Fetching enrichment for mt_252698103
Fetching enrichment for mt_191037891
Fetching enrichment for mt_010489511
Fetching enrichment for mt_585273987
Fetching enrichment for mt_363802461
Fetching enrichment for mt_626315049
Fetching enrichment for mt_252698169
Fetching enrichment for mt_010489522
Fetching enrichment for mt_363802472
Fetching enrichment for mt_979164317
Fetching enrichment for mt_191037804
Fetching enrichment for mt_747920637
Fetching enrichment for mt_585273918
Fetching enrichment for mt_838546797
Fetching enrichment for mt_010489544
Fetching enrichment for mt_747920651
Fetching enrichment for mt_363802484
Fetching enrichment for mt_252698175
Fetching enrichment for mt_191037863
Fetching enrichment for mt_838546758
Fetching enrichment for mt_626315035
Fetching enrichment for mt_404751278
Fetching enrichment for mt_585273921
Fetching enrichment for mt_010489533
Fetching enrichment for mt_585273942
Fetching enrichment for mt_838546762
Fetching enrichment for mt_747920602
Fetching enrichment for mt_191037879
Fetching enrichment for mt_626315090
Fetching enrichment for mt_404751281
Fetching enrichment for mt_979164328
Fetching enrichment for mt_363802413
Fetching enrichment for mt_363802445
Fetching enrichment for mt_979164341
Fetching enrichment for mt_626315056
Fetching enrichment for mt_585273934
Fetching enrichment for mt_191037885
Fetching enrichment for mt_404751212
Fetching enrichment for mt_010489599
Fetching enrichment for mt_252698180
Fetching enrichment for mt_747920664
Fetching enrichment for mt_838546774
Fetching enrichment for mt_626315612
Fetching enrichment for mt_363802430
Fetching enrichment for mt_838546783
Fetching enrichment for mt_404751224
Fetching enrichment for mt_010489555
Fetching enrichment for mt_585273993
Fetching enrichment for mt_252698116
Fetching enrichment for mt_363802307
Fetching enrichment for mt_191037810
Fetching enrichment for mt_585273959
Fetching enrichment for mt_626315681
Fetching enrichment for mt_626315068
Fetching enrichment for mt_010489500
Fetching enrichment for mt_979164394
Fetching enrichment for mt_252698127
Fetching enrichment for mt_747920673
Fetching enrichment for mt_979164332
Fetching enrichment for mt_363802356
Fetching enrichment for mt_585273565
Fetching enrichment for mt_404751455
Fetching enrichment for mt_252698238
Fetching enrichment for mt_979164903
Fetching enrichment for mt_191037146
Fetching enrichment for mt_747920719
Fetching enrichment for mt_838546829
Fetching enrichment for mt_404751499
Fetching enrichment for mt_733305150
Fetching enrichment for mt_585279851
Fetching enrichment for mt_979163797
Fetching enrichment for mt_252691529
Fetching enrichment for mt_191038914
Fetching enrichment for mt_747926467
Fetching enrichment for mt_838547377
Fetching enrichment for mt_363804642
Fetching enrichment for mt_626310209
Fetching enrichment for mt_404752027
Fetching enrichment for mt_022293791

Aggregated players: 609
Aggregated teams  : 19
player-stats OK   : 308
shotmap OK        : 308
Match errors      : 0
Updating player 1/609: Fabio Chiarodia
Updating player 25/609: Jens Castrop
Updating player 50/609: Dominik Kohr
Updating player 75/609: Arnaud Nordin
Updating player 100/609: Filippo Mané
Updating player 125/609: Vincenzo Grifo
Updating player 150/609: Phillip Tietz
Updating player 175/609: Jan Schöppner
Updating player 200/609: Yannik Wagner
Updating player 225/609: Alexander Prass
Updating player 250/609: András Schäfer
Updating player 275/609: Marin Ljubičić
Updating player 300/609: Nnamdi Collins
Updating player 325/609: Joshua Kimmich
Updating player 350/609: Antonio Nusa
Updating player 375/609: Elias Baum
Updating player 400/609: Ismael Gharbi
Updating player 425/609: Christian Eriksen
Updating player 450/609: Tobias Weigel
Updating player 475/609: Carl Klaus
Updating player 500/609: Trevor Benedict
Updating player 525/609: Ayoube Amaimouni Echghouyab
Updating player 550/609: Valentin Lässig
Updating player 575/609: Maycon Cardozo
Updating player 600/609: Felix Götze

── Summary ──────────────────
Enriched players : 420
No Supabase match: 189
Update errors    : 0
Team aggregates  : 19 not written yet
Dry run          : no
